[2024-12-22T10:51:23.252+0000] {local_task_job_runner.py:123} INFO - ::group::Pre task execution logs
[2024-12-22T10:51:23.269+0000] {taskinstance.py:2613} INFO - Dependencies all met for dep_context=non-requeueable deps ti=<TaskInstance: fetch_and_store_music_albums.insert_music_data manual__2024-12-22T10:51:07.960266+00:00 [queued]>
[2024-12-22T10:51:23.278+0000] {taskinstance.py:2613} INFO - Dependencies all met for dep_context=requeueable deps ti=<TaskInstance: fetch_and_store_music_albums.insert_music_data manual__2024-12-22T10:51:07.960266+00:00 [queued]>
[2024-12-22T10:51:23.279+0000] {taskinstance.py:2866} INFO - Starting attempt 1 of 2
[2024-12-22T10:51:23.292+0000] {taskinstance.py:2889} INFO - Executing <Task(PythonOperator): insert_music_data> on 2024-12-22 10:51:07.960266+00:00
[2024-12-22T10:51:23.299+0000] {warnings.py:112} WARNING - /home/***/.local/lib/python3.12/site-packages/***/task/task_runner/standard_task_runner.py:70: DeprecationWarning: This process (pid=3991) is multi-threaded, use of fork() may lead to deadlocks in the child.
  pid = os.fork()

[2024-12-22T10:51:23.301+0000] {standard_task_runner.py:72} INFO - Started process 3993 to run task
[2024-12-22T10:51:23.301+0000] {standard_task_runner.py:104} INFO - Running: ['***', 'tasks', 'run', 'fetch_and_store_music_albums', 'insert_music_data', 'manual__2024-12-22T10:51:07.960266+00:00', '--job-id', '73', '--raw', '--subdir', 'DAGS_FOLDER/app.py', '--cfg-path', '/tmp/tmpc93d3wja']
[2024-12-22T10:51:23.303+0000] {standard_task_runner.py:105} INFO - Job 73: Subtask insert_music_data
[2024-12-22T10:51:23.350+0000] {task_command.py:467} INFO - Running <TaskInstance: fetch_and_store_music_albums.insert_music_data manual__2024-12-22T10:51:07.960266+00:00 [running]> on host 8314332f533c
[2024-12-22T10:51:23.421+0000] {taskinstance.py:3132} INFO - Exporting env vars: AIRFLOW_CTX_DAG_OWNER='***' AIRFLOW_CTX_DAG_ID='fetch_and_store_music_albums' AIRFLOW_CTX_TASK_ID='insert_music_data' AIRFLOW_CTX_EXECUTION_DATE='2024-12-22T10:51:07.960266+00:00' AIRFLOW_CTX_TRY_NUMBER='1' AIRFLOW_CTX_DAG_RUN_ID='manual__2024-12-22T10:51:07.960266+00:00'
[2024-12-22T10:51:23.423+0000] {logging_mixin.py:190} INFO - Task instance is in running state
[2024-12-22T10:51:23.424+0000] {logging_mixin.py:190} INFO -  Previous state of the Task instance: queued
[2024-12-22T10:51:23.424+0000] {logging_mixin.py:190} INFO - Current task name:insert_music_data state:running start_date:2024-12-22 10:51:23.270179+00:00
[2024-12-22T10:51:23.425+0000] {logging_mixin.py:190} INFO - Dag name:fetch_and_store_music_albums and current dag run status:running
[2024-12-22T10:51:23.425+0000] {taskinstance.py:731} INFO - ::endgroup::
[2024-12-22T10:51:23.443+0000] {base.py:84} INFO - Retrieving connection 'music_connection'
[2024-12-22T10:51:23.447+0000] {sql.py:553} INFO - Running statement: 
    INSERT INTO albums (title, artist, price, release_date, rating)
    VALUES (%s, %s, %s, %s, %s)
    , parameters: ('Jan 1, 2022', 'Audio CD', '19.', 'Sponsored', '5.0 out of 5 stars')
[2024-12-22T10:51:23.449+0000] {sql.py:562} INFO - Rows affected: 1
[2024-12-22T10:51:23.455+0000] {sql.py:553} INFO - Running statement: 
    INSERT INTO albums (title, artist, price, release_date, rating)
    VALUES (%s, %s, %s, %s, %s)
    , parameters: ('Jun 24, 2014', 'Fleetwood Mac', '21.', '|', '4.8 out of 5 stars')
[2024-12-22T10:51:23.456+0000] {sql.py:562} INFO - Rows affected: 1
[2024-12-22T10:51:23.461+0000] {sql.py:553} INFO - Running statement: 
    INSERT INTO albums (title, artist, price, release_date, rating)
    VALUES (%s, %s, %s, %s, %s)
    , parameters: ('Jul 7, 2009', 'Vinyl', '27.', '|', '4.8 out of 5 stars')
[2024-12-22T10:51:23.463+0000] {sql.py:562} INFO - Rows affected: 1
[2024-12-22T10:51:23.468+0000] {sql.py:553} INFO - Running statement: 
    INSERT INTO albums (title, artist, price, release_date, rating)
    VALUES (%s, %s, %s, %s, %s)
    , parameters: ('May 6, 2016', 'Michael Jackson', '21.', '|', '4.8 out of 5 stars')
[2024-12-22T10:51:23.470+0000] {sql.py:562} INFO - Rows affected: 1
[2024-12-22T10:51:23.475+0000] {sql.py:553} INFO - Running statement: 
    INSERT INTO albums (title, artist, price, release_date, rating)
    VALUES (%s, %s, %s, %s, %s)
    , parameters: ('Jun 23, 2009', 'Al Green', '17.', '|', '4.8 out of 5 stars')
[2024-12-22T10:51:23.477+0000] {sql.py:562} INFO - Rows affected: 1
[2024-12-22T10:51:23.481+0000] {sql.py:553} INFO - Running statement: 
    INSERT INTO albums (title, artist, price, release_date, rating)
    VALUES (%s, %s, %s, %s, %s)
    , parameters: ('Nov 18, 2016', 'Queen', '35.', '|', '4.7 out of 5 stars')
[2024-12-22T10:51:23.483+0000] {sql.py:562} INFO - Rows affected: 1
[2024-12-22T10:51:23.489+0000] {sql.py:553} INFO - Running statement: 
    INSERT INTO albums (title, artist, price, release_date, rating)
    VALUES (%s, %s, %s, %s, %s)
    , parameters: ('Apr 12, 2011', 'Vinyl', '22.', '|', '4.8 out of 5 stars')
[2024-12-22T10:51:23.490+0000] {sql.py:562} INFO - Rows affected: 1
[2024-12-22T10:51:23.495+0000] {sql.py:553} INFO - Running statement: 
    INSERT INTO albums (title, artist, price, release_date, rating)
    VALUES (%s, %s, %s, %s, %s)
    , parameters: ('Jun 9, 2015', 'Frank Sinatra', '37.', '|', '4.8 out of 5 stars')
[2024-12-22T10:51:23.497+0000] {sql.py:562} INFO - Rows affected: 1
[2024-12-22T10:51:23.502+0000] {sql.py:553} INFO - Running statement: 
    INSERT INTO albums (title, artist, price, release_date, rating)
    VALUES (%s, %s, %s, %s, %s)
    , parameters: ('Feb 24, 2015', 'Eagles', '19.', '|', '4.8 out of 5 stars')
[2024-12-22T10:51:23.504+0000] {sql.py:562} INFO - Rows affected: 1
[2024-12-22T10:51:23.509+0000] {sql.py:553} INFO - Running statement: 
    INSERT INTO albums (title, artist, price, release_date, rating)
    VALUES (%s, %s, %s, %s, %s)
    , parameters: ('Sep 2, 2014', 'ABBA', '31.', '|', '4.8 out of 5 stars')
[2024-12-22T10:51:23.511+0000] {sql.py:562} INFO - Rows affected: 1
[2024-12-22T10:51:23.515+0000] {sql.py:553} INFO - Running statement: 
    INSERT INTO albums (title, artist, price, release_date, rating)
    VALUES (%s, %s, %s, %s, %s)
    , parameters: ('Oct 27, 2023', 'Vinyl', '34.', '|', '4.8 out of 5 stars')
[2024-12-22T10:51:23.517+0000] {sql.py:562} INFO - Rows affected: 1
[2024-12-22T10:51:23.522+0000] {sql.py:553} INFO - Running statement: 
    INSERT INTO albums (title, artist, price, release_date, rating)
    VALUES (%s, %s, %s, %s, %s)
    , parameters: ('Mar 4, 2016', 'Johnny Cash', '26.', '|', '4.8 out of 5 stars')
[2024-12-22T10:51:23.523+0000] {sql.py:562} INFO - Rows affected: 1
[2024-12-22T10:51:23.528+0000] {sql.py:553} INFO - Running statement: 
    INSERT INTO albums (title, artist, price, release_date, rating)
    VALUES (%s, %s, %s, %s, %s)
    , parameters: ('May 26, 2015', 'Chris Stapleton', '27.', '|', '4.8 out of 5 stars')
[2024-12-22T10:51:23.530+0000] {sql.py:562} INFO - Rows affected: 1
[2024-12-22T10:51:23.535+0000] {sql.py:553} INFO - Running statement: 
    INSERT INTO albums (title, artist, price, release_date, rating)
    VALUES (%s, %s, %s, %s, %s)
    , parameters: ('Apr 16, 2011', 'Fleetwood Mac', '22.', '|', '4.8 out of 5 stars')
[2024-12-22T10:51:23.537+0000] {sql.py:562} INFO - Rows affected: 1
[2024-12-22T10:51:23.541+0000] {sql.py:553} INFO - Running statement: 
    INSERT INTO albums (title, artist, price, release_date, rating)
    VALUES (%s, %s, %s, %s, %s)
    , parameters: ('Feb 8, 2011', 'Eagles', '23.', '|', '4.8 out of 5 stars')
[2024-12-22T10:51:23.543+0000] {sql.py:562} INFO - Rows affected: 1
[2024-12-22T10:51:23.548+0000] {sql.py:553} INFO - Running statement: 
    INSERT INTO albums (title, artist, price, release_date, rating)
    VALUES (%s, %s, %s, %s, %s)
    , parameters: ('Sep 27, 2019', 'The Beatles', '22.', '|', '4.9 out of 5 stars')
[2024-12-22T10:51:23.549+0000] {sql.py:562} INFO - Rows affected: 1
[2024-12-22T10:51:23.554+0000] {sql.py:553} INFO - Running statement: 
    INSERT INTO albums (title, artist, price, release_date, rating)
    VALUES (%s, %s, %s, %s, %s)
    , parameters: ('Feb 24, 2004', 'Kanye West', '32.', '|', '4.7 out of 5 stars')
[2024-12-22T10:51:23.556+0000] {sql.py:562} INFO - Rows affected: 1
[2024-12-22T10:51:23.560+0000] {sql.py:553} INFO - Running statement: 
    INSERT INTO albums (title, artist, price, release_date, rating)
    VALUES (%s, %s, %s, %s, %s)
    , parameters: ('Jun 19, 2007', 'Amy Winehouse', '20.', '|', '4.7 out of 5 stars')
[2024-12-22T10:51:23.561+0000] {sql.py:562} INFO - Rows affected: 1
[2024-12-22T10:51:23.566+0000] {sql.py:553} INFO - Running statement: 
    INSERT INTO albums (title, artist, price, release_date, rating)
    VALUES (%s, %s, %s, %s, %s)
    , parameters: ('Aug 2, 2005', 'E.L.O.', '7.', '|', '4.8 out of 5 stars')
[2024-12-22T10:51:23.568+0000] {sql.py:562} INFO - Rows affected: 1
[2024-12-22T10:51:23.574+0000] {sql.py:553} INFO - Running statement: 
    INSERT INTO albums (title, artist, price, release_date, rating)
    VALUES (%s, %s, %s, %s, %s)
    , parameters: ('Oct 27, 2014', 'Led Zeppelin', '20.', '|', '4.8 out of 5 stars')
[2024-12-22T10:51:23.576+0000] {sql.py:562} INFO - Rows affected: 1
[2024-12-22T10:51:23.583+0000] {sql.py:553} INFO - Running statement: 
    INSERT INTO albums (title, artist, price, release_date, rating)
    VALUES (%s, %s, %s, %s, %s)
    , parameters: ('Aug 24, 2009', 'Vinyl', '24.', '|', '4.9 out of 5 stars')
[2024-12-22T10:51:23.585+0000] {sql.py:562} INFO - Rows affected: 1
[2024-12-22T10:51:23.592+0000] {sql.py:553} INFO - Running statement: 
    INSERT INTO albums (title, artist, price, release_date, rating)
    VALUES (%s, %s, %s, %s, %s)
    , parameters: ('Feb 21, 2012', 'Lana Del Rey', '27.', '|', '4.8 out of 5 stars')
[2024-12-22T10:51:23.594+0000] {sql.py:562} INFO - Rows affected: 1
[2024-12-22T10:51:23.601+0000] {sql.py:553} INFO - Running statement: 
    INSERT INTO albums (title, artist, price, release_date, rating)
    VALUES (%s, %s, %s, %s, %s)
    , parameters: ('Oct 14, 2003', 'AC/DC', '25.', '|', '4.8 out of 5 stars')
[2024-12-22T10:51:23.603+0000] {sql.py:562} INFO - Rows affected: 1
[2024-12-22T10:51:23.609+0000] {sql.py:553} INFO - Running statement: 
    INSERT INTO albums (title, artist, price, release_date, rating)
    VALUES (%s, %s, %s, %s, %s)
    , parameters: ('Apr 17, 2020', 'Vinyl', '13.', 'Sponsored', '4.8 out of 5 stars')
[2024-12-22T10:51:23.611+0000] {sql.py:562} INFO - Rows affected: 1
[2024-12-22T10:51:23.617+0000] {sql.py:553} INFO - Running statement: 
    INSERT INTO albums (title, artist, price, release_date, rating)
    VALUES (%s, %s, %s, %s, %s)
    , parameters: ('Aug 13, 2013', 'Nirvana', '29.', '|', '4.8 out of 5 stars')
[2024-12-22T10:51:23.620+0000] {sql.py:562} INFO - Rows affected: 1
[2024-12-22T10:51:23.625+0000] {sql.py:553} INFO - Running statement: 
    INSERT INTO albums (title, artist, price, release_date, rating)
    VALUES (%s, %s, %s, %s, %s)
    , parameters: ('Oct 25, 2019', 'Pentatonix', '11.', '|', '4.7 out of 5 stars')
[2024-12-22T10:51:23.626+0000] {sql.py:562} INFO - Rows affected: 1
[2024-12-22T10:51:23.632+0000] {sql.py:553} INFO - Running statement: 
    INSERT INTO albums (title, artist, price, release_date, rating)
    VALUES (%s, %s, %s, %s, %s)
    , parameters: ('May 17, 2024', 'Billie Eilish', '13.', '|', '4.6 out of 5 stars')
[2024-12-22T10:51:23.634+0000] {sql.py:562} INFO - Rows affected: 1
[2024-12-22T10:51:23.642+0000] {sql.py:553} INFO - Running statement: 
    INSERT INTO albums (title, artist, price, release_date, rating)
    VALUES (%s, %s, %s, %s, %s)
    , parameters: ('Nov 19, 2021', 'Adele', '16.', '|', '4.6 out of 5 stars')
[2024-12-22T10:51:23.645+0000] {sql.py:562} INFO - Rows affected: 1
[2024-12-22T10:51:23.651+0000] {sql.py:553} INFO - Running statement: 
    INSERT INTO albums (title, artist, price, release_date, rating)
    VALUES (%s, %s, %s, %s, %s)
    , parameters: ('Nov 3, 2009', 'Foo Fighters', '22.', '|', '4.8 out of 5 stars')
[2024-12-22T10:51:23.654+0000] {sql.py:562} INFO - Rows affected: 1
[2024-12-22T10:51:23.662+0000] {sql.py:553} INFO - Running statement: 
    INSERT INTO albums (title, artist, price, release_date, rating)
    VALUES (%s, %s, %s, %s, %s)
    , parameters: ('Oct 4, 2019', 'Tyler, The Creator', '26.', '|', '4.8 out of 5 stars')
[2024-12-22T10:51:23.665+0000] {sql.py:562} INFO - Rows affected: 1
[2024-12-22T10:51:23.672+0000] {sql.py:553} INFO - Running statement: 
    INSERT INTO albums (title, artist, price, release_date, rating)
    VALUES (%s, %s, %s, %s, %s)
    , parameters: ('Jul 21, 2017', 'Eagles', '30.', '|', '4.8 out of 5 stars')
[2024-12-22T10:51:23.675+0000] {sql.py:562} INFO - Rows affected: 1
[2024-12-22T10:51:23.682+0000] {sql.py:553} INFO - Running statement: 
    INSERT INTO albums (title, artist, price, release_date, rating)
    VALUES (%s, %s, %s, %s, %s)
    , parameters: ('Nov 13, 2015', 'Vinyl', '19.', '|', '4.8 out of 5 stars')
[2024-12-22T10:51:23.685+0000] {sql.py:562} INFO - Rows affected: 1
[2024-12-22T10:51:23.692+0000] {sql.py:553} INFO - Running statement: 
    INSERT INTO albums (title, artist, price, release_date, rating)
    VALUES (%s, %s, %s, %s, %s)
    , parameters: ('Aug 1, 2006', 'Journey', '8.', '|', '4.8 out of 5 stars')
[2024-12-22T10:51:23.694+0000] {sql.py:562} INFO - Rows affected: 1
[2024-12-22T10:51:23.699+0000] {sql.py:553} INFO - Running statement: 
    INSERT INTO albums (title, artist, price, release_date, rating)
    VALUES (%s, %s, %s, %s, %s)
    , parameters: ('Oct 21, 2014', 'Vinyl', '24.', '|', '4.8 out of 5 stars')
[2024-12-22T10:51:23.701+0000] {sql.py:562} INFO - Rows affected: 1
[2024-12-22T10:51:23.707+0000] {sql.py:553} INFO - Running statement: 
    INSERT INTO albums (title, artist, price, release_date, rating)
    VALUES (%s, %s, %s, %s, %s)
    , parameters: ('Nov 16, 2018', 'Vinyl', '24.', '|', '4.7 out of 5 stars')
[2024-12-22T10:51:23.709+0000] {sql.py:562} INFO - Rows affected: 1
[2024-12-22T10:51:23.714+0000] {sql.py:553} INFO - Running statement: 
    INSERT INTO albums (title, artist, price, release_date, rating)
    VALUES (%s, %s, %s, %s, %s)
    , parameters: ('Oct 13, 2023', 'Pink Floyd', '12.', '|', '4.8 out of 5 stars')
[2024-12-22T10:51:23.717+0000] {sql.py:562} INFO - Rows affected: 1
[2024-12-22T10:51:23.723+0000] {sql.py:553} INFO - Running statement: 
    INSERT INTO albums (title, artist, price, release_date, rating)
    VALUES (%s, %s, %s, %s, %s)
    , parameters: ('Sep 8, 2017', 'Jimi Hendrix', '22.', '|', '4.8 out of 5 stars')
[2024-12-22T10:51:23.725+0000] {sql.py:562} INFO - Rows affected: 1
[2024-12-22T10:51:23.731+0000] {sql.py:553} INFO - Running statement: 
    INSERT INTO albums (title, artist, price, release_date, rating)
    VALUES (%s, %s, %s, %s, %s)
    , parameters: ('Nov 3, 2014', 'Bill Evans', '29.', 'Sponsored', '5.0 out of 5 stars')
[2024-12-22T10:51:23.732+0000] {sql.py:562} INFO - Rows affected: 1
[2024-12-22T10:51:23.738+0000] {sql.py:553} INFO - Running statement: 
    INSERT INTO albums (title, artist, price, release_date, rating)
    VALUES (%s, %s, %s, %s, %s)
    , parameters: ('Jul 30, 2021', 'Billie Eilish', '33.', '|', '4.8 out of 5 stars')
[2024-12-22T10:51:23.740+0000] {sql.py:562} INFO - Rows affected: 1
[2024-12-22T10:51:23.746+0000] {sql.py:553} INFO - Running statement: 
    INSERT INTO albums (title, artist, price, release_date, rating)
    VALUES (%s, %s, %s, %s, %s)
    , parameters: ('Nov 17, 1998', 'Audio CD', '7.', '|', '4.8 out of 5 stars')
[2024-12-22T10:51:23.748+0000] {sql.py:562} INFO - Rows affected: 1
[2024-12-22T10:51:23.754+0000] {sql.py:553} INFO - Running statement: 
    INSERT INTO albums (title, artist, price, release_date, rating)
    VALUES (%s, %s, %s, %s, %s)
    , parameters: ('Jun 30, 2017', 'Luther Vandross', '8.', '|', '4.8 out of 5 stars')
[2024-12-22T10:51:23.756+0000] {sql.py:562} INFO - Rows affected: 1
[2024-12-22T10:51:23.761+0000] {sql.py:553} INFO - Running statement: 
    INSERT INTO albums (title, artist, price, release_date, rating)
    VALUES (%s, %s, %s, %s, %s)
    , parameters: ('Jul 29, 2016', 'Tom Petty', '36.', '|', '4.8 out of 5 stars')
[2024-12-22T10:51:23.762+0000] {sql.py:562} INFO - Rows affected: 1
[2024-12-22T10:51:23.767+0000] {sql.py:553} INFO - Running statement: 
    INSERT INTO albums (title, artist, price, release_date, rating)
    VALUES (%s, %s, %s, %s, %s)
    , parameters: ('Oct 28, 2022', 'Vinyl', '28.', '|', '4.7 out of 5 stars')
[2024-12-22T10:51:23.769+0000] {sql.py:562} INFO - Rows affected: 1
[2024-12-22T10:51:23.775+0000] {sql.py:553} INFO - Running statement: 
    INSERT INTO albums (title, artist, price, release_date, rating)
    VALUES (%s, %s, %s, %s, %s)
    , parameters: ('May 6, 2008', 'Toby Keith', '9.', '|', '4.8 out of 5 stars')
[2024-12-22T10:51:23.777+0000] {sql.py:562} INFO - Rows affected: 1
[2024-12-22T10:51:23.783+0000] {sql.py:553} INFO - Running statement: 
    INSERT INTO albums (title, artist, price, release_date, rating)
    VALUES (%s, %s, %s, %s, %s)
    , parameters: ('Jul 21, 2023', 'Vinyl', '27.', '|', '4.8 out of 5 stars')
[2024-12-22T10:51:23.785+0000] {sql.py:562} INFO - Rows affected: 1
[2024-12-22T10:51:23.792+0000] {sql.py:553} INFO - Running statement: 
    INSERT INTO albums (title, artist, price, release_date, rating)
    VALUES (%s, %s, %s, %s, %s)
    , parameters: ('Sep 17, 2002', 'Stone Temple Pilots', '29.', 'Sponsored', '4.8 out of 5 stars')
[2024-12-22T10:51:23.793+0000] {sql.py:562} INFO - Rows affected: 1
[2024-12-22T10:51:23.798+0000] {sql.py:553} INFO - Running statement: 
    INSERT INTO albums (title, artist, price, release_date, rating)
    VALUES (%s, %s, %s, %s, %s)
    , parameters: ('Feb 8, 2019', 'Queen', '34.', '|', '4.8 out of 5 stars')
[2024-12-22T10:51:23.799+0000] {sql.py:562} INFO - Rows affected: 1
[2024-12-22T10:51:23.804+0000] {sql.py:553} INFO - Running statement: 
    INSERT INTO albums (title, artist, price, release_date, rating)
    VALUES (%s, %s, %s, %s, %s)
    , parameters: ('Oct 21, 2022', 'Audio CD', '13.', '|', '4.7 out of 5 stars')
[2024-12-22T10:51:23.805+0000] {sql.py:562} INFO - Rows affected: 1
[2024-12-22T10:51:23.810+0000] {sql.py:553} INFO - Running statement: 
    INSERT INTO albums (title, artist, price, release_date, rating)
    VALUES (%s, %s, %s, %s, %s)
    , parameters: ('May 4, 2018', 'Simon & Garfunkel', '21.', '|', '4.7 out of 5 stars')
[2024-12-22T10:51:23.812+0000] {sql.py:562} INFO - Rows affected: 1
[2024-12-22T10:51:23.816+0000] {sql.py:553} INFO - Running statement: 
    INSERT INTO albums (title, artist, price, release_date, rating)
    VALUES (%s, %s, %s, %s, %s)
    , parameters: ('Jul 19, 2024', 'Audio CD', '12.', '|', '4.7 out of 5 stars')
[2024-12-22T10:51:23.818+0000] {sql.py:562} INFO - Rows affected: 1
[2024-12-22T10:51:23.820+0000] {python.py:240} INFO - Done. Returned value was: None
[2024-12-22T10:51:23.828+0000] {taskinstance.py:340} INFO - ::group::Post task execution logs
[2024-12-22T10:51:23.829+0000] {taskinstance.py:352} INFO - Marking task as SUCCESS. dag_id=fetch_and_store_music_albums, task_id=insert_music_data, run_id=manual__2024-12-22T10:51:07.960266+00:00, execution_date=20241222T105107, start_date=20241222T105123, end_date=20241222T105123
[2024-12-22T10:51:23.837+0000] {logging_mixin.py:190} INFO - Task instance in success state
[2024-12-22T10:51:23.838+0000] {logging_mixin.py:190} INFO -  Previous state of the Task instance: running
[2024-12-22T10:51:23.839+0000] {logging_mixin.py:190} INFO - Dag name:fetch_and_store_music_albums queued_at:2024-12-22 10:51:07.972047+00:00
[2024-12-22T10:51:23.839+0000] {logging_mixin.py:190} INFO - Task hostname:8314332f533c operator:PythonOperator
[2024-12-22T10:51:23.879+0000] {local_task_job_runner.py:266} INFO - Task exited with return code 0
[2024-12-22T10:51:23.892+0000] {taskinstance.py:3895} INFO - 0 downstream tasks scheduled from follow-on schedule check
[2024-12-22T10:51:23.896+0000] {local_task_job_runner.py:245} INFO - ::endgroup::
