[2024-12-22T10:51:10.460+0000] {local_task_job_runner.py:123} INFO - ::group::Pre task execution logs
[2024-12-22T10:51:10.490+0000] {taskinstance.py:2613} INFO - Dependencies all met for dep_context=non-requeueable deps ti=<TaskInstance: fetch_and_store_music_albums.create_table manual__2024-12-22T10:51:07.960266+00:00 [queued]>
[2024-12-22T10:51:10.498+0000] {taskinstance.py:2613} INFO - Dependencies all met for dep_context=requeueable deps ti=<TaskInstance: fetch_and_store_music_albums.create_table manual__2024-12-22T10:51:07.960266+00:00 [queued]>
[2024-12-22T10:51:10.500+0000] {taskinstance.py:2866} INFO - Starting attempt 1 of 2
[2024-12-22T10:51:10.511+0000] {taskinstance.py:2889} INFO - Executing <Task(PostgresOperator): create_table> on 2024-12-22 10:51:07.960266+00:00
[2024-12-22T10:51:10.516+0000] {warnings.py:112} WARNING - /home/***/.local/lib/python3.12/site-packages/***/task/task_runner/standard_task_runner.py:70: DeprecationWarning: This process (pid=3983) is multi-threaded, use of fork() may lead to deadlocks in the child.
  pid = os.fork()

[2024-12-22T10:51:10.517+0000] {standard_task_runner.py:72} INFO - Started process 3985 to run task
[2024-12-22T10:51:10.519+0000] {standard_task_runner.py:104} INFO - Running: ['***', 'tasks', 'run', 'fetch_and_store_music_albums', 'create_table', 'manual__2024-12-22T10:51:07.960266+00:00', '--job-id', '71', '--raw', '--subdir', 'DAGS_FOLDER/app.py', '--cfg-path', '/tmp/tmpadlex_um']
[2024-12-22T10:51:10.520+0000] {standard_task_runner.py:105} INFO - Job 71: Subtask create_table
[2024-12-22T10:51:10.558+0000] {task_command.py:467} INFO - Running <TaskInstance: fetch_and_store_music_albums.create_table manual__2024-12-22T10:51:07.960266+00:00 [running]> on host 8314332f533c
[2024-12-22T10:51:10.635+0000] {taskinstance.py:3132} INFO - Exporting env vars: AIRFLOW_CTX_DAG_OWNER='***' AIRFLOW_CTX_DAG_ID='fetch_and_store_music_albums' AIRFLOW_CTX_TASK_ID='create_table' AIRFLOW_CTX_EXECUTION_DATE='2024-12-22T10:51:07.960266+00:00' AIRFLOW_CTX_TRY_NUMBER='1' AIRFLOW_CTX_DAG_RUN_ID='manual__2024-12-22T10:51:07.960266+00:00'
[2024-12-22T10:51:10.637+0000] {logging_mixin.py:190} INFO - Task instance is in running state
[2024-12-22T10:51:10.638+0000] {logging_mixin.py:190} INFO -  Previous state of the Task instance: queued
[2024-12-22T10:51:10.639+0000] {logging_mixin.py:190} INFO - Current task name:create_table state:running start_date:2024-12-22 10:51:10.491656+00:00
[2024-12-22T10:51:10.640+0000] {logging_mixin.py:190} INFO - Dag name:fetch_and_store_music_albums and current dag run status:running
[2024-12-22T10:51:10.641+0000] {taskinstance.py:731} INFO - ::endgroup::
[2024-12-22T10:51:10.642+0000] {sql.py:278} INFO - Executing: 
    CREATE TABLE IF NOT EXISTS albums (
        id SERIAL PRIMARY KEY,
        title TEXT NOT NULL,
        artist TEXT,
        price TEXT,
        release_date TEXT,
        rating TEXT
    );
    
[2024-12-22T10:51:10.652+0000] {base.py:84} INFO - Retrieving connection 'music_connection'
[2024-12-22T10:51:10.662+0000] {base.py:84} INFO - Retrieving connection 'music_connection'
[2024-12-22T10:51:10.666+0000] {sql.py:553} INFO - Running statement: 
    CREATE TABLE IF NOT EXISTS albums (
        id SERIAL PRIMARY KEY,
        title TEXT NOT NULL,
        artist TEXT,
        price TEXT,
        release_date TEXT,
        rating TEXT
    );
    , parameters: None
[2024-12-22T10:51:10.723+0000] {taskinstance.py:340} INFO - ::group::Post task execution logs
[2024-12-22T10:51:10.724+0000] {taskinstance.py:352} INFO - Marking task as SUCCESS. dag_id=fetch_and_store_music_albums, task_id=create_table, run_id=manual__2024-12-22T10:51:07.960266+00:00, execution_date=20241222T105107, start_date=20241222T105110, end_date=20241222T105110
[2024-12-22T10:51:10.737+0000] {logging_mixin.py:190} INFO - Task instance in success state
[2024-12-22T10:51:10.738+0000] {logging_mixin.py:190} INFO -  Previous state of the Task instance: running
[2024-12-22T10:51:10.741+0000] {logging_mixin.py:190} INFO - Dag name:fetch_and_store_music_albums queued_at:2024-12-22 10:51:07.972047+00:00
[2024-12-22T10:51:10.742+0000] {logging_mixin.py:190} INFO - Task hostname:8314332f533c operator:PostgresOperator
[2024-12-22T10:51:10.773+0000] {local_task_job_runner.py:266} INFO - Task exited with return code 0
[2024-12-22T10:51:10.799+0000] {taskinstance.py:3895} INFO - 1 downstream tasks scheduled from follow-on schedule check
[2024-12-22T10:51:10.802+0000] {local_task_job_runner.py:245} INFO - ::endgroup::
