[2024-12-22T10:51:12.896+0000] {local_task_job_runner.py:123} INFO - ::group::Pre task execution logs
[2024-12-22T10:51:12.912+0000] {taskinstance.py:2613} INFO - Dependencies all met for dep_context=non-requeueable deps ti=<TaskInstance: fetch_and_store_music_albums.fetch_music_data manual__2024-12-22T10:51:07.960266+00:00 [queued]>
[2024-12-22T10:51:12.926+0000] {taskinstance.py:2613} INFO - Dependencies all met for dep_context=requeueable deps ti=<TaskInstance: fetch_and_store_music_albums.fetch_music_data manual__2024-12-22T10:51:07.960266+00:00 [queued]>
[2024-12-22T10:51:12.928+0000] {taskinstance.py:2866} INFO - Starting attempt 1 of 2
[2024-12-22T10:51:12.942+0000] {taskinstance.py:2889} INFO - Executing <Task(PythonOperator): fetch_music_data> on 2024-12-22 10:51:07.960266+00:00
[2024-12-22T10:51:12.948+0000] {warnings.py:112} WARNING - /home/***/.local/lib/python3.12/site-packages/***/task/task_runner/standard_task_runner.py:70: DeprecationWarning: This process (pid=3987) is multi-threaded, use of fork() may lead to deadlocks in the child.
  pid = os.fork()

[2024-12-22T10:51:12.950+0000] {standard_task_runner.py:72} INFO - Started process 3989 to run task
[2024-12-22T10:51:12.950+0000] {standard_task_runner.py:104} INFO - Running: ['***', 'tasks', 'run', 'fetch_and_store_music_albums', 'fetch_music_data', 'manual__2024-12-22T10:51:07.960266+00:00', '--job-id', '72', '--raw', '--subdir', 'DAGS_FOLDER/app.py', '--cfg-path', '/tmp/tmpcuxdw98l']
[2024-12-22T10:51:12.952+0000] {standard_task_runner.py:105} INFO - Job 72: Subtask fetch_music_data
[2024-12-22T10:51:12.995+0000] {task_command.py:467} INFO - Running <TaskInstance: fetch_and_store_music_albums.fetch_music_data manual__2024-12-22T10:51:07.960266+00:00 [running]> on host 8314332f533c
[2024-12-22T10:51:13.061+0000] {taskinstance.py:3132} INFO - Exporting env vars: AIRFLOW_CTX_DAG_OWNER='***' AIRFLOW_CTX_DAG_ID='fetch_and_store_music_albums' AIRFLOW_CTX_TASK_ID='fetch_music_data' AIRFLOW_CTX_EXECUTION_DATE='2024-12-22T10:51:07.960266+00:00' AIRFLOW_CTX_TRY_NUMBER='1' AIRFLOW_CTX_DAG_RUN_ID='manual__2024-12-22T10:51:07.960266+00:00'
[2024-12-22T10:51:13.062+0000] {logging_mixin.py:190} INFO - Task instance is in running state
[2024-12-22T10:51:13.062+0000] {logging_mixin.py:190} INFO -  Previous state of the Task instance: queued
[2024-12-22T10:51:13.063+0000] {logging_mixin.py:190} INFO - Current task name:fetch_music_data state:running start_date:2024-12-22 10:51:12.915794+00:00
[2024-12-22T10:51:13.064+0000] {logging_mixin.py:190} INFO - Dag name:fetch_and_store_music_albums and current dag run status:running
[2024-12-22T10:51:13.064+0000] {taskinstance.py:731} INFO - ::endgroup::
[2024-12-22T10:51:20.846+0000] {python.py:240} INFO - Done. Returned value was: None
[2024-12-22T10:51:20.853+0000] {taskinstance.py:340} INFO - ::group::Post task execution logs
[2024-12-22T10:51:20.854+0000] {taskinstance.py:352} INFO - Marking task as SUCCESS. dag_id=fetch_and_store_music_albums, task_id=fetch_music_data, run_id=manual__2024-12-22T10:51:07.960266+00:00, execution_date=20241222T105107, start_date=20241222T105112, end_date=20241222T105120
[2024-12-22T10:51:20.861+0000] {logging_mixin.py:190} INFO - Task instance in success state
[2024-12-22T10:51:20.862+0000] {logging_mixin.py:190} INFO -  Previous state of the Task instance: running
[2024-12-22T10:51:20.863+0000] {logging_mixin.py:190} INFO - Dag name:fetch_and_store_music_albums queued_at:2024-12-22 10:51:07.972047+00:00
[2024-12-22T10:51:20.863+0000] {logging_mixin.py:190} INFO - Task hostname:8314332f533c operator:PythonOperator
[2024-12-22T10:51:20.891+0000] {local_task_job_runner.py:266} INFO - Task exited with return code 0
[2024-12-22T10:51:20.905+0000] {taskinstance.py:3895} INFO - 1 downstream tasks scheduled from follow-on schedule check
[2024-12-22T10:51:20.910+0000] {local_task_job_runner.py:245} INFO - ::endgroup::
